23:59:54 **** Build of configuration Debug for project HelloWorld ****
make all 
Building file: ../src/HelloWorld.c
Invoking: GCC C Compiler
gcc -O0 -g3 -Wall -c -fmessage-length=0 -MMD -MP -MF"src/HelloWorld.d" -MT"src/HelloWorld.d" -o "src/HelloWorld.o" "../src/HelloWorld.c"
Finished building: ../src/HelloWorld.c
 
Building target: HelloWorld
Invoking: GCC C Linker
gcc  -o "HelloWorld"  ./src/HelloWorld.o   
Finished building target: HelloWorld
 
00:09:48 **** Incremental Build of configuration Debug for project HelloWorld ****
make all 
make: Nothing to be done for 'all'.
00:38:15 **** Incremental Build of configuration Debug for project HelloWorld ****
make all 
make: Nothing to be done for 'all'.
00:38:15 **** Build of configuration Default for project OasisTrip ****
make all 
makefile:4: *** missing separator.  Stop.
00:47:23 **** Incremental Build of configuration Debug for project HelloWorld ****
make all 
make: Nothing to be done for 'all'.
00:47:23 **** Incremental Build of configuration Default for project OasisTrip ****
make all 
makefile:4: *** missing separator.  Stop.
00:47:32 **** Incremental Build of configuration Debug for project HelloWorld ****
make all 
make: Nothing to be done for 'all'.
00:47:33 **** Incremental Build of configuration Default for project OasisTrip ****
make all 
makefile:4: *** missing separator.  Stop.
00:47:46 **** Incremental Build of configuration Debug for project HelloWorld ****
make all 
make: Nothing to be done for 'all'.
00:47:46 **** Incremental Build of configuration Default for project OasisTrip ****
make all 
makefile:4: *** missing separator.  Stop.
00:47:49 **** Incremental Build of configuration Debug for project HelloWorld ****
make all 
make: Nothing to be done for 'all'.
00:47:49 **** Incremental Build of configuration Default for project OasisTrip ****
make all 
makefile:4: *** missing separator.  Stop.
00:48:13 **** Incremental Build of configuration Debug for project HelloWorld ****
make all 
make: Nothing to be done for 'all'.
00:48:13 **** Incremental Build of configuration Default for project OasisTrip ****
make all 
makefile:4: *** missing separator.  Stop.
00:48:21 **** Incremental Build of configuration Debug for project HelloWorld ****
make all 
make: Nothing to be done for 'all'.
00:48:21 **** Incremental Build of configuration Default for project OasisTrip ****
make all 
makefile:4: *** missing separator.  Stop.
00:48:43 **** Incremental Build of configuration Debug for project HelloWorld ****
make all 
make: Nothing to be done for 'all'.
00:48:43 **** Incremental Build of configuration Default for project OasisTrip ****
make all 
make: *** No rule to make target 'trip.c', needed by 'trip.o'.  Stop.
00:49:28 **** Incremental Build of configuration Debug for project HelloWorld ****
make all 
make: Nothing to be done for 'all'.
00:49:29 **** Incremental Build of configuration Default for project OasisTrip ****
make all 
make: *** No rule to make target 'trip.c', needed by 'trip.o'.  Stop.
00:51:06 **** Incremental Build of configuration Debug for project HelloWorld ****
make all 
make: Nothing to be done for 'all'.
00:51:06 **** Incremental Build of configuration Default for project OasisTrip ****
make all 
make: *** No rule to make target 'h/trip.h', needed by 'trip.o'.  Stop.
00:51:27 **** Incremental Build of configuration Debug for project HelloWorld ****
make all 
make: Nothing to be done for 'all'.
00:51:27 **** Incremental Build of configuration Default for project OasisTrip ****
make all 
gcc -c src/trip.c
src/trip.c:1:20: fatal error: island.h: No such file or directory
makefile:10: recipe for target 'trip.o' failed
compilation terminated.
make: *** [trip.o] Error 1
00:53:25 **** Incremental Build of configuration Debug for project HelloWorld ****
make all 
make: Nothing to be done for 'all'.
00:53:25 **** Incremental Build of configuration Default for project OasisTrip ****
make all 
gcc -c trip.c
gcc -c island.c
gcc island.o trip.o -o trip
00:54:01 **** Incremental Build of configuration Default for project OasisTrip ****
make all 
make: Nothing to be done for 'all'.
00:54:05 **** Incremental Build of configuration Default for project OasisTrip ****
make all 
make: Nothing to be done for 'all'.
01:02:06 **** Incremental Build of configuration Debug for project HelloWorld ****
make all 
make: Nothing to be done for 'all'.
01:02:06 **** Incremental Build of configuration Default for project OasisTrip ****
make all 
cc    -c -o trip1.o trip1.c
cc   trip1.o   -o trip1
trip1.o: In function `main':
<builtin>: recipe for target 'trip1' failed
trip1.c:(.text+0x3c): undefined reference to `create'
trip1.c:(.text+0x69): undefined reference to `create'
trip1.c:(.text+0x85): undefined reference to `display'
collect2: error: ld returned 1 exit status
make: *** [trip1] Error 1
01:04:43 **** Incremental Build of configuration Debug for project HelloWorld ****
make all 
make: Nothing to be done for 'all'.
01:04:43 **** Incremental Build of configuration Default for project OasisTrip ****
make all 
cc   trip1.o   -o trip1
trip1.o: In function `main':
trip1.c:(.text+0x3c): undefined reference to `create'
<builtin>: recipe for target 'trip1' failed
trip1.c:(.text+0x69): undefined reference to `create'
trip1.c:(.text+0x85): undefined reference to `display'
collect2: error: ld returned 1 exit status
make: *** [trip1] Error 1
01:05:35 **** Incremental Build of configuration Debug for project HelloWorld ****
make all 
make: Nothing to be done for 'all'.
01:05:35 **** Incremental Build of configuration Default for project OasisTrip ****
make all 
gcc island.o trip1.o -o trip1
01:05:43 **** Incremental Build of configuration Default for project OasisTrip ****
make all 
make: Nothing to be done for 'all'.
01:06:25 **** Incremental Build of configuration Default for project OasisTrip ****
make all 
make: Nothing to be done for 'all'.
01:09:46 **** Incremental Build of configuration Debug for project HelloWorld ****
make all 
make: Nothing to be done for 'all'.
01:09:46 **** Incremental Build of configuration Default for project OasisTrip ****
make all 
make: Nothing to be done for 'all'.
01:10:05 **** Incremental Build of configuration Debug for project HelloWorld ****
make all 
make: Nothing to be done for 'all'.
01:10:05 **** Incremental Build of configuration Default for project OasisTrip ****
make all 
make: Nothing to be done for 'all'.
01:10:07 **** Incremental Build of configuration Debug for project HelloWorld ****
make all 
make: Nothing to be done for 'all'.
01:10:07 **** Incremental Build of configuration Default for project OasisTrip ****
make all 
make: Nothing to be done for 'all'.
01:10:48 **** Incremental Build of configuration Debug for project HelloWorld ****
make all 
make: Nothing to be done for 'all'.
01:10:48 **** Incremental Build of configuration Default for project OasisTrip ****
make all 
gcc -c trip1.c
gcc island.o trip1.o -o trip1
01:10:59 **** Incremental Build of configuration Default for project OasisTrip ****
make all 
make: Nothing to be done for 'all'.
01:11:24 **** Incremental Build of configuration Default for project OasisTrip ****
make all 
make: Nothing to be done for 'all'.
01:11:50 **** Incremental Build of configuration Debug for project HelloWorld ****
make all 
make: Nothing to be done for 'all'.
01:18:13 **** Incremental Build of configuration Default for project OasisTrip ****
make all 
make: Nothing to be done for 'all'.
01:19:33 **** Incremental Build of configuration Default for project OasisTrip ****
make all 
make: Nothing to be done for 'all'.
00:05:34 **** Incremental Build of configuration Default for project OasisTrip ****
make all 
make: Nothing to be done for 'all'.
01:58:45 **** Incremental Build of configuration Debug for project HelloWorld ****
make all 
make: Nothing to be done for 'all'.
01:58:46 **** Incremental Build of configuration Default for project OasisTrip ****
make all 
make: Nothing to be done for 'all'.
01:58:46 **** Build of configuration Default for project TopSecret ****
make all 
make: *** No rule to make target 'all'.  Stop.
02:03:57 **** Incremental Build of configuration Debug for project HelloWorld ****
make all 
make: Nothing to be done for 'all'.
02:03:57 **** Incremental Build of configuration Default for project OasisTrip ****
make all 
make: Nothing to be done for 'all'.
02:03:57 **** Incremental Build of configuration Default for project TopSecret ****
make all 
gcc topSecret.o -o topSecret
gcc: error: topSecret.o: No such file or directory
gcc: fatal error: no input files
compilation terminated.
makefile:10: recipe for target 'topSecret' failed
make: *** [topSecret] Error 1
02:05:00 **** Incremental Build of configuration Debug for project HelloWorld ****
make all 
make: Nothing to be done for 'all'.
02:05:00 **** Incremental Build of configuration Default for project OasisTrip ****
make all 
make: Nothing to be done for 'all'.
02:05:00 **** Incremental Build of configuration Default for project TopSecret ****
make all 
make: *** No rule to make target 'topsecret.c', needed by 'topSecret.o'.  Stop.
02:05:08 **** Incremental Build of configuration Debug for project HelloWorld ****
make all 
make: Nothing to be done for 'all'.
02:05:08 **** Incremental Build of configuration Default for project OasisTrip ****
make all 
make: Nothing to be done for 'all'.
02:05:08 **** Incremental Build of configuration Default for project TopSecret ****
make all 
gcc -c topSecret.c
gcc topSecret.o -o topSecret
02:41:02 **** Incremental Build of configuration Debug for project HelloWorld ****
make all 
make: Nothing to be done for 'all'.
02:41:02 **** Incremental Build of configuration Default for project OasisTrip ****
make all 
make: Nothing to be done for 'all'.
02:41:02 **** Incremental Build of configuration Default for project TopSecret ****
make all 
make: Nothing to be done for 'all'.
02:41:19 **** Incremental Build of configuration Default for project TopSecret ****
make all 
make: Nothing to be done for 'all'.
02:42:14 **** Incremental Build of configuration Default for project TopSecret ****
make all 
gcc -c topSecret.c
gcc topSecret.o -o topSecret
02:44:54 **** Incremental Build of configuration Debug for project HelloWorld ****
make all 
make: Nothing to be done for 'all'.
02:44:54 **** Incremental Build of configuration Default for project OasisTrip ****
make all 
make: Nothing to be done for 'all'.
02:44:54 **** Incremental Build of configuration Default for project TopSecret ****
make all 
gcc -c topSecret.c
topSecret.c: In function ‘main’:
topSecret.c:84:12: warning: format ‘%s’ expects argument of type ‘char *’, but argument 2 has type ‘struct node *’ [-Wformat=]
     printf("Give me a question that is TRUE for %s but not for %s? ",
            ^
topSecret.c:84:12: warning: format ‘%s’ expects argument of type ‘char *’, but argument 3 has type ‘struct node *’ [-Wformat=]
gcc topSecret.o -o topSecret
02:46:01 **** Incremental Build of configuration Debug for project HelloWorld ****
make all 
make: Nothing to be done for 'all'.
02:46:02 **** Incremental Build of configuration Default for project OasisTrip ****
make all 
make: Nothing to be done for 'all'.
02:46:02 **** Incremental Build of configuration Default for project TopSecret ****
make all 
gcc -c topSecret.c
gcc topSecret.o -o topSecret
03:19:35 **** Incremental Build of configuration Debug for project HelloWorld ****
make all 
make: Nothing to be done for 'all'.
03:19:35 **** Incremental Build of configuration Default for project OasisTrip ****
make all 
make: Nothing to be done for 'all'.
03:19:35 **** Incremental Build of configuration Default for project TopSecret ****
make all 
make: Nothing to be done for 'all'.
